2021-07-21 18:12:53 [main] INFO  o.s.b.t.a.o.j.DataJpaTestContextBootstrapper -
				Neither @ContextConfiguration nor @ContextHierarchy found for test class [com.stackroute.universityapp.repository.UniversityRepositoryTest], using SpringBootContextLoader
2021-07-21 18:12:53 [main] INFO  o.s.t.c.s.AbstractContextLoader -
				Could not detect default resource locations for test class [com.stackroute.universityapp.repository.UniversityRepositoryTest]: no resource found for suffixes {-context.xml, Context.groovy}.
2021-07-21 18:12:53 [main] INFO  o.s.t.c.s.AnnotationConfigContextLoaderUtils -
				Could not detect default configuration classes for test class [com.stackroute.universityapp.repository.UniversityRepositoryTest]: UniversityRepositoryTest does not declare any static, non-private, non-final, nested classes annotated with @Configuration.
2021-07-21 18:12:53 [main] INFO  o.s.b.t.c.SpringBootTestContextBootstrapper -
				Found @SpringBootConfiguration com.stackroute.universityapp.UniversityappApplication for test class com.stackroute.universityapp.repository.UniversityRepositoryTest
2021-07-21 18:12:53 [main] INFO  o.s.b.t.a.o.j.DataJpaTestContextBootstrapper -
				Loaded default TestExecutionListener class names from location [META-INF/spring.factories]: [org.springframework.boot.test.mock.mockito.MockitoTestExecutionListener, org.springframework.boot.test.mock.mockito.ResetMocksTestExecutionListener, org.springframework.boot.test.autoconfigure.restdocs.RestDocsTestExecutionListener, org.springframework.boot.test.autoconfigure.web.client.MockRestServiceServerResetTestExecutionListener, org.springframework.boot.test.autoconfigure.web.servlet.MockMvcPrintOnlyOnFailureTestExecutionListener, org.springframework.boot.test.autoconfigure.web.servlet.WebDriverTestExecutionListener, org.springframework.boot.test.autoconfigure.webservices.client.MockWebServiceServerTestExecutionListener, org.springframework.test.context.web.ServletTestExecutionListener, org.springframework.test.context.support.DirtiesContextBeforeModesTestExecutionListener, org.springframework.test.context.event.ApplicationEventsTestExecutionListener, org.springframework.test.context.support.DependencyInjectionTestExecutionListener, org.springframework.test.context.support.DirtiesContextTestExecutionListener, org.springframework.test.context.transaction.TransactionalTestExecutionListener, org.springframework.test.context.jdbc.SqlScriptsTestExecutionListener, org.springframework.test.context.event.EventPublishingTestExecutionListener]
2021-07-21 18:12:53 [main] INFO  o.s.b.t.a.o.j.DataJpaTestContextBootstrapper -
				Using TestExecutionListeners: [org.springframework.test.context.web.ServletTestExecutionListener@548d708a, org.springframework.test.context.support.DirtiesContextBeforeModesTestExecutionListener@4b013c76, org.springframework.test.context.event.ApplicationEventsTestExecutionListener@53fb3dab, org.springframework.boot.test.mock.mockito.MockitoTestExecutionListener@cb0755b, org.springframework.boot.test.autoconfigure.SpringBootDependencyInjectionTestExecutionListener@33065d67, org.springframework.test.context.support.DirtiesContextTestExecutionListener@712625fd, org.springframework.test.context.transaction.TransactionalTestExecutionListener@7bba5817, org.springframework.test.context.jdbc.SqlScriptsTestExecutionListener@742ff096, org.springframework.test.context.event.EventPublishingTestExecutionListener@75437611, org.springframework.boot.test.mock.mockito.ResetMocksTestExecutionListener@350aac89, org.springframework.boot.test.autoconfigure.restdocs.RestDocsTestExecutionListener@1c5920df, org.springframework.boot.test.autoconfigure.web.client.MockRestServiceServerResetTestExecutionListener@17f9d882, org.springframework.boot.test.autoconfigure.web.servlet.MockMvcPrintOnlyOnFailureTestExecutionListener@79e4c792, org.springframework.boot.test.autoconfigure.web.servlet.WebDriverTestExecutionListener@196a42c3, org.springframework.boot.test.autoconfigure.webservices.client.MockWebServiceServerTestExecutionListener@4c60d6e9]
2021-07-21 18:12:53 [main] INFO  o.s.b.t.c.SpringBootTestContextBootstrapper -
				Neither @ContextConfiguration nor @ContextHierarchy found for test class [com.stackroute.universityapp.controller.UniversityControllerTest], using SpringBootContextLoader
2021-07-21 18:12:53 [main] INFO  o.s.t.c.s.AbstractContextLoader -
				Could not detect default resource locations for test class [com.stackroute.universityapp.controller.UniversityControllerTest]: no resource found for suffixes {-context.xml, Context.groovy}.
2021-07-21 18:12:53 [main] INFO  o.s.t.c.s.AnnotationConfigContextLoaderUtils -
				Could not detect default configuration classes for test class [com.stackroute.universityapp.controller.UniversityControllerTest]: UniversityControllerTest does not declare any static, non-private, non-final, nested classes annotated with @Configuration.
2021-07-21 18:12:53 [main] INFO  o.s.b.t.c.SpringBootTestContextBootstrapper -
				Found @SpringBootConfiguration com.stackroute.universityapp.UniversityappApplication for test class com.stackroute.universityapp.controller.UniversityControllerTest
2021-07-21 18:12:53 [main] INFO  o.s.b.t.c.SpringBootTestContextBootstrapper -
				Loaded default TestExecutionListener class names from location [META-INF/spring.factories]: [org.springframework.boot.test.mock.mockito.MockitoTestExecutionListener, org.springframework.boot.test.mock.mockito.ResetMocksTestExecutionListener, org.springframework.boot.test.autoconfigure.restdocs.RestDocsTestExecutionListener, org.springframework.boot.test.autoconfigure.web.client.MockRestServiceServerResetTestExecutionListener, org.springframework.boot.test.autoconfigure.web.servlet.MockMvcPrintOnlyOnFailureTestExecutionListener, org.springframework.boot.test.autoconfigure.web.servlet.WebDriverTestExecutionListener, org.springframework.boot.test.autoconfigure.webservices.client.MockWebServiceServerTestExecutionListener, org.springframework.test.context.web.ServletTestExecutionListener, org.springframework.test.context.support.DirtiesContextBeforeModesTestExecutionListener, org.springframework.test.context.event.ApplicationEventsTestExecutionListener, org.springframework.test.context.support.DependencyInjectionTestExecutionListener, org.springframework.test.context.support.DirtiesContextTestExecutionListener, org.springframework.test.context.transaction.TransactionalTestExecutionListener, org.springframework.test.context.jdbc.SqlScriptsTestExecutionListener, org.springframework.test.context.event.EventPublishingTestExecutionListener]
2021-07-21 18:12:53 [main] INFO  o.s.b.t.c.SpringBootTestContextBootstrapper -
				Using TestExecutionListeners: [org.springframework.test.context.web.ServletTestExecutionListener@3abada5a, org.springframework.test.context.support.DirtiesContextBeforeModesTestExecutionListener@66c61024, org.springframework.test.context.event.ApplicationEventsTestExecutionListener@61fe30, org.springframework.boot.test.mock.mockito.MockitoTestExecutionListener@c9d0d6, org.springframework.boot.test.autoconfigure.SpringBootDependencyInjectionTestExecutionListener@6ccdb29f, org.springframework.test.context.support.DirtiesContextTestExecutionListener@3adcc812, org.springframework.test.context.transaction.TransactionalTestExecutionListener@35432107, org.springframework.test.context.jdbc.SqlScriptsTestExecutionListener@7b420819, org.springframework.test.context.event.EventPublishingTestExecutionListener@7a1a14a4, org.springframework.boot.test.mock.mockito.ResetMocksTestExecutionListener@265adfad, org.springframework.boot.test.autoconfigure.restdocs.RestDocsTestExecutionListener@a3d9978, org.springframework.boot.test.autoconfigure.web.client.MockRestServiceServerResetTestExecutionListener@61544ae6, org.springframework.boot.test.autoconfigure.web.servlet.MockMvcPrintOnlyOnFailureTestExecutionListener@4b41dd5c, org.springframework.boot.test.autoconfigure.web.servlet.WebDriverTestExecutionListener@3b96c42e, org.springframework.boot.test.autoconfigure.webservices.client.MockWebServiceServerTestExecutionListener@5d066c7d]
2021-07-21 18:12:54 [main] INFO  c.s.u.c.UniversityControllerTest -
				Starting UniversityControllerTest using Java 1.8.0_261 on BLR-STR-MARY with PID 9356 (started by Mary.Rani in E:\01-IBM-Java-PT\spring-sample\springbootsample\universityapp)
2021-07-21 18:12:54 [main] INFO  c.s.u.c.UniversityControllerTest -
				No active profile set, falling back to default profiles: default
2021-07-21 18:12:55 [main] INFO  o.s.d.r.c.RepositoryConfigurationDelegate -
				Bootstrapping Spring Data JPA repositories in DEFAULT mode.
2021-07-21 18:12:55 [main] INFO  o.s.d.r.c.RepositoryConfigurationDelegate -
				Finished Spring Data repository scanning in 65 ms. Found 2 JPA repository interfaces.
2021-07-21 18:12:56 [main] INFO  o.h.jpa.internal.util.LogHelper -
				HHH000204: Processing PersistenceUnitInfo [name: default]
2021-07-21 18:12:56 [main] INFO  org.hibernate.Version -
				HHH000412: Hibernate ORM core version 5.4.32.Final
2021-07-21 18:12:56 [main] INFO  o.h.annotations.common.Version -
				HCANN000001: Hibernate Commons Annotations {5.1.2.Final}
2021-07-21 18:12:57 [main] INFO  com.zaxxer.hikari.HikariDataSource -
				HikariPool-1 - Starting...
2021-07-21 18:12:58 [main] INFO  com.zaxxer.hikari.HikariDataSource -
				HikariPool-1 - Start completed.
2021-07-21 18:12:58 [main] INFO  org.hibernate.dialect.Dialect -
				HHH000400: Using dialect: org.hibernate.dialect.MySQL8Dialect
2021-07-21 18:12:59 [main] INFO  o.h.e.t.j.p.i.JtaPlatformInitiator -
				HHH000490: Using JtaPlatform implementation: [org.hibernate.engine.transaction.jta.platform.internal.NoJtaPlatform]
2021-07-21 18:12:59 [main] INFO  o.s.o.j.LocalContainerEntityManagerFactoryBean -
				Initialized JPA EntityManagerFactory for persistence unit 'default'
2021-07-21 18:13:00 [main] WARN  o.s.b.a.o.j.JpaBaseConfiguration$JpaWebConfiguration -
				spring.jpa.open-in-view is enabled by default. Therefore, database queries may be performed during view rendering. Explicitly configure spring.jpa.open-in-view to disable this warning
2021-07-21 18:13:02 [main] INFO  c.s.u.c.UniversityControllerTest -
				Started UniversityControllerTest in 8.262 seconds (JVM running for 9.773)
2021-07-21 18:13:02 [main] INFO  o.s.mock.web.MockServletContext -
				Initializing Spring TestDispatcherServlet ''
2021-07-21 18:13:02 [main] INFO  o.s.t.w.s.TestDispatcherServlet -
				Initializing Servlet ''
2021-07-21 18:13:02 [main] INFO  o.s.t.w.s.TestDispatcherServlet -
				Completed initialization in 0 ms
2021-07-21 18:13:02 [main] INFO  c.s.u.r.UniversityRepositoryTest -
				Starting UniversityRepositoryTest using Java 1.8.0_261 on BLR-STR-MARY with PID 9356 (started by Mary.Rani in E:\01-IBM-Java-PT\spring-sample\springbootsample\universityapp)
2021-07-21 18:13:02 [main] INFO  c.s.u.r.UniversityRepositoryTest -
				No active profile set, falling back to default profiles: default
2021-07-21 18:13:03 [main] INFO  o.s.d.r.c.RepositoryConfigurationDelegate -
				Bootstrapping Spring Data JPA repositories in DEFAULT mode.
2021-07-21 18:13:03 [main] INFO  o.s.d.r.c.RepositoryConfigurationDelegate -
				Finished Spring Data repository scanning in 25 ms. Found 2 JPA repository interfaces.
2021-07-21 18:13:03 [main] INFO  o.h.jpa.internal.util.LogHelper -
				HHH000204: Processing PersistenceUnitInfo [name: default]
2021-07-21 18:13:03 [main] INFO  com.zaxxer.hikari.HikariDataSource -
				HikariPool-2 - Starting...
2021-07-21 18:13:03 [main] INFO  com.zaxxer.hikari.HikariDataSource -
				HikariPool-2 - Start completed.
2021-07-21 18:13:03 [main] INFO  org.hibernate.dialect.Dialect -
				HHH000400: Using dialect: org.hibernate.dialect.MySQL8Dialect
2021-07-21 18:13:03 [main] INFO  o.h.e.t.j.p.i.JtaPlatformInitiator -
				HHH000490: Using JtaPlatform implementation: [org.hibernate.engine.transaction.jta.platform.internal.NoJtaPlatform]
2021-07-21 18:13:03 [main] INFO  o.s.o.j.LocalContainerEntityManagerFactoryBean -
				Initialized JPA EntityManagerFactory for persistence unit 'default'
2021-07-21 18:13:03 [main] INFO  c.s.u.r.UniversityRepositoryTest -
				Started UniversityRepositoryTest in 1.119 seconds (JVM running for 11.414)
2021-07-21 18:13:03 [main] INFO  o.s.t.c.t.TransactionContext -
				Began transaction (1) for test context [DefaultTestContext@40db6136 testClass = UniversityRepositoryTest, testInstance = com.stackroute.universityapp.repository.UniversityRepositoryTest@5ced0537, testMethod = adduniversity@UniversityRepositoryTest, testException = [null], mergedContextConfiguration = [MergedContextConfiguration@6ee1ddcf testClass = UniversityRepositoryTest, locations = '{}', classes = '{class com.stackroute.universityapp.UniversityappApplication}', contextInitializerClasses = '[]', activeProfiles = '{}', propertySourceLocations = '{}', propertySourceProperties = '{org.springframework.boot.test.autoconfigure.orm.jpa.DataJpaTestContextBootstrapper=true}', contextCustomizers = set[[ImportsContextCustomizer@6b630d4b key = [org.springframework.boot.autoconfigure.cache.CacheAutoConfiguration, org.springframework.boot.autoconfigure.data.jpa.JpaRepositoriesAutoConfiguration, org.springframework.boot.autoconfigure.flyway.FlywayAutoConfiguration, org.springframework.boot.autoconfigure.jdbc.DataSourceAutoConfiguration, org.springframework.boot.autoconfigure.jdbc.DataSourceTransactionManagerAutoConfiguration, org.springframework.boot.autoconfigure.jdbc.JdbcTemplateAutoConfiguration, org.springframework.boot.autoconfigure.liquibase.LiquibaseAutoConfiguration, org.springframework.boot.autoconfigure.orm.jpa.HibernateJpaAutoConfiguration, org.springframework.boot.autoconfigure.sql.init.SqlInitializationAutoConfiguration, org.springframework.boot.autoconfigure.transaction.TransactionAutoConfiguration, org.springframework.boot.test.autoconfigure.jdbc.TestDatabaseAutoConfiguration, org.springframework.boot.test.autoconfigure.orm.jpa.TestEntityManagerAutoConfiguration]], org.springframework.boot.test.context.filter.ExcludeFilterContextCustomizer@55b53d44, org.springframework.boot.test.json.DuplicateJsonObjectContextCustomizerFactory$DuplicateJsonObjectContextCustomizer@6a6afff2, org.springframework.boot.test.mock.mockito.MockitoContextCustomizer@0, org.springframework.boot.test.autoconfigure.OverrideAutoConfigurationContextCustomizerFactory$DisableAutoConfigurationContextCustomizer@34f7cfd9, org.springframework.boot.test.autoconfigure.actuate.metrics.MetricsExportContextCustomizerFactory$DisableMetricExportContextCustomizer@55536d9e, org.springframework.boot.test.autoconfigure.filter.TypeExcludeFiltersContextCustomizer@351584c0, org.springframework.boot.test.autoconfigure.properties.PropertyMappingContextCustomizer@dba30244, org.springframework.boot.test.autoconfigure.web.servlet.WebDriverContextCustomizerFactory$Customizer@1613674b, org.springframework.boot.test.context.SpringBootTestArgs@1, org.springframework.boot.test.context.SpringBootTestWebEnvironment@0], contextLoader = 'org.springframework.boot.test.context.SpringBootContextLoader', parent = [null]], attributes = map['org.springframework.test.context.event.ApplicationEventsTestExecutionListener.recordApplicationEvents' -> false]]; transaction manager [org.springframework.orm.jpa.JpaTransactionManager@343727b5]; rollback [true]
2021-07-21 18:13:04 [main] INFO  o.s.t.c.t.TransactionContext -
				Rolled back transaction for test: [DefaultTestContext@40db6136 testClass = UniversityRepositoryTest, testInstance = com.stackroute.universityapp.repository.UniversityRepositoryTest@5ced0537, testMethod = adduniversity@UniversityRepositoryTest, testException = [null], mergedContextConfiguration = [MergedContextConfiguration@6ee1ddcf testClass = UniversityRepositoryTest, locations = '{}', classes = '{class com.stackroute.universityapp.UniversityappApplication}', contextInitializerClasses = '[]', activeProfiles = '{}', propertySourceLocations = '{}', propertySourceProperties = '{org.springframework.boot.test.autoconfigure.orm.jpa.DataJpaTestContextBootstrapper=true}', contextCustomizers = set[[ImportsContextCustomizer@6b630d4b key = [org.springframework.boot.autoconfigure.cache.CacheAutoConfiguration, org.springframework.boot.autoconfigure.data.jpa.JpaRepositoriesAutoConfiguration, org.springframework.boot.autoconfigure.flyway.FlywayAutoConfiguration, org.springframework.boot.autoconfigure.jdbc.DataSourceAutoConfiguration, org.springframework.boot.autoconfigure.jdbc.DataSourceTransactionManagerAutoConfiguration, org.springframework.boot.autoconfigure.jdbc.JdbcTemplateAutoConfiguration, org.springframework.boot.autoconfigure.liquibase.LiquibaseAutoConfiguration, org.springframework.boot.autoconfigure.orm.jpa.HibernateJpaAutoConfiguration, org.springframework.boot.autoconfigure.sql.init.SqlInitializationAutoConfiguration, org.springframework.boot.autoconfigure.transaction.TransactionAutoConfiguration, org.springframework.boot.test.autoconfigure.jdbc.TestDatabaseAutoConfiguration, org.springframework.boot.test.autoconfigure.orm.jpa.TestEntityManagerAutoConfiguration]], org.springframework.boot.test.context.filter.ExcludeFilterContextCustomizer@55b53d44, org.springframework.boot.test.json.DuplicateJsonObjectContextCustomizerFactory$DuplicateJsonObjectContextCustomizer@6a6afff2, org.springframework.boot.test.mock.mockito.MockitoContextCustomizer@0, org.springframework.boot.test.autoconfigure.OverrideAutoConfigurationContextCustomizerFactory$DisableAutoConfigurationContextCustomizer@34f7cfd9, org.springframework.boot.test.autoconfigure.actuate.metrics.MetricsExportContextCustomizerFactory$DisableMetricExportContextCustomizer@55536d9e, org.springframework.boot.test.autoconfigure.filter.TypeExcludeFiltersContextCustomizer@351584c0, org.springframework.boot.test.autoconfigure.properties.PropertyMappingContextCustomizer@dba30244, org.springframework.boot.test.autoconfigure.web.servlet.WebDriverContextCustomizerFactory$Customizer@1613674b, org.springframework.boot.test.context.SpringBootTestArgs@1, org.springframework.boot.test.context.SpringBootTestWebEnvironment@0], contextLoader = 'org.springframework.boot.test.context.SpringBootContextLoader', parent = [null]], attributes = map['org.springframework.test.context.event.ApplicationEventsTestExecutionListener.recordApplicationEvents' -> false]]
2021-07-21 18:13:04 [main] INFO  o.s.b.t.c.SpringBootTestContextBootstrapper -
				Neither @ContextConfiguration nor @ContextHierarchy found for test class [com.stackroute.universityapp.UniversityappApplicationTests], using SpringBootContextLoader
2021-07-21 18:13:04 [main] INFO  o.s.t.c.s.AbstractContextLoader -
				Could not detect default resource locations for test class [com.stackroute.universityapp.UniversityappApplicationTests]: no resource found for suffixes {-context.xml, Context.groovy}.
2021-07-21 18:13:04 [main] INFO  o.s.t.c.s.AnnotationConfigContextLoaderUtils -
				Could not detect default configuration classes for test class [com.stackroute.universityapp.UniversityappApplicationTests]: UniversityappApplicationTests does not declare any static, non-private, non-final, nested classes annotated with @Configuration.
2021-07-21 18:13:04 [main] INFO  o.s.b.t.c.SpringBootTestContextBootstrapper -
				Found @SpringBootConfiguration com.stackroute.universityapp.UniversityappApplication for test class com.stackroute.universityapp.UniversityappApplicationTests
2021-07-21 18:13:04 [main] INFO  o.s.b.t.c.SpringBootTestContextBootstrapper -
				Loaded default TestExecutionListener class names from location [META-INF/spring.factories]: [org.springframework.boot.test.mock.mockito.MockitoTestExecutionListener, org.springframework.boot.test.mock.mockito.ResetMocksTestExecutionListener, org.springframework.boot.test.autoconfigure.restdocs.RestDocsTestExecutionListener, org.springframework.boot.test.autoconfigure.web.client.MockRestServiceServerResetTestExecutionListener, org.springframework.boot.test.autoconfigure.web.servlet.MockMvcPrintOnlyOnFailureTestExecutionListener, org.springframework.boot.test.autoconfigure.web.servlet.WebDriverTestExecutionListener, org.springframework.boot.test.autoconfigure.webservices.client.MockWebServiceServerTestExecutionListener, org.springframework.test.context.web.ServletTestExecutionListener, org.springframework.test.context.support.DirtiesContextBeforeModesTestExecutionListener, org.springframework.test.context.event.ApplicationEventsTestExecutionListener, org.springframework.test.context.support.DependencyInjectionTestExecutionListener, org.springframework.test.context.support.DirtiesContextTestExecutionListener, org.springframework.test.context.transaction.TransactionalTestExecutionListener, org.springframework.test.context.jdbc.SqlScriptsTestExecutionListener, org.springframework.test.context.event.EventPublishingTestExecutionListener]
2021-07-21 18:13:04 [main] INFO  o.s.b.t.c.SpringBootTestContextBootstrapper -
				Using TestExecutionListeners: [org.springframework.test.context.web.ServletTestExecutionListener@67292fc7, org.springframework.test.context.support.DirtiesContextBeforeModesTestExecutionListener@4c1b4e07, org.springframework.test.context.event.ApplicationEventsTestExecutionListener@34cfdd84, org.springframework.boot.test.mock.mockito.MockitoTestExecutionListener@1c7744c1, org.springframework.boot.test.autoconfigure.SpringBootDependencyInjectionTestExecutionListener@320e179f, org.springframework.test.context.support.DirtiesContextTestExecutionListener@24731caf, org.springframework.test.context.transaction.TransactionalTestExecutionListener@6e1ad658, org.springframework.test.context.jdbc.SqlScriptsTestExecutionListener@486dd616, org.springframework.test.context.event.EventPublishingTestExecutionListener@a1d926b, org.springframework.boot.test.mock.mockito.ResetMocksTestExecutionListener@36b761e3, org.springframework.boot.test.autoconfigure.restdocs.RestDocsTestExecutionListener@e27d97b, org.springframework.boot.test.autoconfigure.web.client.MockRestServiceServerResetTestExecutionListener@285c63cf, org.springframework.boot.test.autoconfigure.web.servlet.MockMvcPrintOnlyOnFailureTestExecutionListener@4e343265, org.springframework.boot.test.autoconfigure.web.servlet.WebDriverTestExecutionListener@4301fa39, org.springframework.boot.test.autoconfigure.webservices.client.MockWebServiceServerTestExecutionListener@73dd0f23]
2021-07-21 18:13:04 [main] INFO  c.s.u.UniversityappApplicationTests -
				Starting UniversityappApplicationTests using Java 1.8.0_261 on BLR-STR-MARY with PID 9356 (started by Mary.Rani in E:\01-IBM-Java-PT\spring-sample\springbootsample\universityapp)
2021-07-21 18:13:04 [main] INFO  c.s.u.UniversityappApplicationTests -
				No active profile set, falling back to default profiles: default
2021-07-21 18:13:04 [main] INFO  o.s.d.r.c.RepositoryConfigurationDelegate -
				Bootstrapping Spring Data JPA repositories in DEFAULT mode.
2021-07-21 18:13:04 [main] INFO  o.s.d.r.c.RepositoryConfigurationDelegate -
				Finished Spring Data repository scanning in 19 ms. Found 2 JPA repository interfaces.
2021-07-21 18:13:04 [main] INFO  o.h.jpa.internal.util.LogHelper -
				HHH000204: Processing PersistenceUnitInfo [name: default]
2021-07-21 18:13:04 [main] INFO  com.zaxxer.hikari.HikariDataSource -
				HikariPool-3 - Starting...
2021-07-21 18:13:04 [main] INFO  com.zaxxer.hikari.HikariDataSource -
				HikariPool-3 - Start completed.
2021-07-21 18:13:04 [main] INFO  org.hibernate.dialect.Dialect -
				HHH000400: Using dialect: org.hibernate.dialect.MySQL8Dialect
2021-07-21 18:13:05 [main] INFO  o.h.e.t.j.p.i.JtaPlatformInitiator -
				HHH000490: Using JtaPlatform implementation: [org.hibernate.engine.transaction.jta.platform.internal.NoJtaPlatform]
2021-07-21 18:13:05 [main] INFO  o.s.o.j.LocalContainerEntityManagerFactoryBean -
				Initialized JPA EntityManagerFactory for persistence unit 'default'
2021-07-21 18:13:05 [main] WARN  o.s.b.a.o.j.JpaBaseConfiguration$JpaWebConfiguration -
				spring.jpa.open-in-view is enabled by default. Therefore, database queries may be performed during view rendering. Explicitly configure spring.jpa.open-in-view to disable this warning
2021-07-21 18:13:06 [main] INFO  c.s.u.UniversityappApplicationTests -
				Started UniversityappApplicationTests in 1.939 seconds (JVM running for 13.545)
2021-07-21 18:13:06 [SpringApplicationShutdownHook] INFO  o.s.o.j.LocalContainerEntityManagerFactoryBean -
				Closing JPA EntityManagerFactory for persistence unit 'default'
2021-07-21 18:13:06 [SpringApplicationShutdownHook] INFO  com.zaxxer.hikari.HikariDataSource -
				HikariPool-1 - Shutdown initiated...
2021-07-21 18:13:06 [SpringApplicationShutdownHook] INFO  com.zaxxer.hikari.HikariDataSource -
				HikariPool-1 - Shutdown completed.
2021-07-21 18:13:06 [SpringApplicationShutdownHook] INFO  o.s.o.j.LocalContainerEntityManagerFactoryBean -
				Closing JPA EntityManagerFactory for persistence unit 'default'
2021-07-21 18:13:06 [SpringApplicationShutdownHook] INFO  com.zaxxer.hikari.HikariDataSource -
				HikariPool-2 - Shutdown initiated...
2021-07-21 18:13:06 [SpringApplicationShutdownHook] INFO  com.zaxxer.hikari.HikariDataSource -
				HikariPool-2 - Shutdown completed.
2021-07-21 18:13:06 [SpringApplicationShutdownHook] INFO  o.s.o.j.LocalContainerEntityManagerFactoryBean -
				Closing JPA EntityManagerFactory for persistence unit 'default'
2021-07-21 18:13:06 [SpringApplicationShutdownHook] INFO  com.zaxxer.hikari.HikariDataSource -
				HikariPool-3 - Shutdown initiated...
2021-07-21 18:13:06 [SpringApplicationShutdownHook] INFO  com.zaxxer.hikari.HikariDataSource -
				HikariPool-3 - Shutdown completed.
